#
# A fatal error has been detected by the Java Runtime Environment:
#
#  Internal Error (os_windows_x86.cpp:114), pid=3544, tid=1400
#  Error: guarantee(result == -1,"Unexpected result from topLevelExceptionFilter")
#
# JRE version: 6.0_17-b04
# Java VM: Java HotSpot(TM) 64-Bit Server VM (14.3-b01 mixed mode windows-amd64 )
# If you would like to submit a bug report, please visit:
#   http://java.sun.com/webapps/bugreport/crash.jsp
# The crash happened outside the Java Virtual Machine in native code.
# See problematic frame for where to report the bug.
#

---------------  T H R E A D  ---------------

Current thread (0x000000000201f800):  JavaThread "main" [_thread_in_native, id=1400, stack(0x00000000001b0000,0x00000000016b0000)]

Stack: [0x00000000001b0000,0x00000000016b0000]
[error occurred during error reporting (printing stack bounds), id 0xc0000005]

Java frames: (J=compiled Java code, j=interpreted, Vv=VM code)
j  com.mathworks.jmi.NativeMatlab.ProcessPendingEvents()Z+0
j  com.mathworks.jmi.NativeMatlab.processPendingEvents()Z+8
j  com.mathworks.jmi.Matlab$ProcessPendingEvents.callBooleanMethod(Ljava/lang/Object;)Z+0
j  com.mathworks.util.FactoryUtils.processPendingEvents()Z+12
j  com.mathworks.mde.desk.MLDesktop.canClose()Z+84
j  com.mathworks.mde.desk.MLDesktop$2.call()Ljava/lang/Boolean;+4
j  com.mathworks.mde.desk.MLDesktop$2.call()Ljava/lang/Object;+1
j  com.mathworks.jmi.Matlab.isOkToExit()Z+54
v  ~StubRoutines::call_stub
J  com.mathworks.jmi.NativeMatlab.SendMatlabMessage(Ljava/lang/Object;)Ljava/lang/Object;
j  com.mathworks.jmi.NativeMatlab.sendMatlabMessage(Ljava/lang/Object;)Ljava/lang/Object;+22
j  com.mathworks.jmi.MatlabLooper.sendMatlabMessage(Lcom/mathworks/services/message/MWMessage;)Ljava/lang/Object;+20
j  com.mathworks.jmi.Matlab.mtFevalConsoleOutput(Ljava/lang/String;[Ljava/lang/Object;I)Ljava/lang/Object;+58
j  com.mathworks.mde.desk.MLDesktop$8.run()V+14
j  com.mathworks.jmi.NativeMatlab.dispatchMTRequests(Z)V+50
v  ~StubRoutines::call_stub

---------------  P R O C E S S  ---------------

Java Threads: ( => current thread )
  0x000000000e59e000 JavaThread "Thread-408" [_thread_in_native, id=5088, stack(0x000000000dd60000,0x000000000dde0000)]
  0x000000000e59f800 JavaThread "Timer-InstrumentReadWritePoll" [_thread_blocked, id=4752, stack(0x000000000dc20000,0x000000000dca0000)]
  0x000000000e594000 JavaThread "Code Analyzer updating thread" [_thread_blocked, id=6080, stack(0x000000003d140000,0x000000003d1c0000)]
  0x000000000e59d000 JavaThread "Active Reference Queue Daemon" daemon [_thread_blocked, id=6048, stack(0x000000003cf60000,0x000000003cfe0000)]
  0x000000000e59c800 JavaThread "Timer-12" daemon [_thread_blocked, id=5808, stack(0x000000003cea0000,0x000000003cf20000)]
  0x000000000e59c000 JavaThread "Timer-11" daemon [_thread_blocked, id=4336, stack(0x0000000037dc0000,0x0000000037e40000)]
  0x000000000e599000 JavaThread "Prefs Updater" daemon [_thread_blocked, id=236, stack(0x000000003cc50000,0x000000003ccd0000)]
  0x000000000e598000 JavaThread "RequestQueue for GenericFileList" [_thread_blocked, id=4556, stack(0x000000003cbd0000,0x000000003cc50000)]
  0x000000000e596800 JavaThread "Timer-1" [_thread_blocked, id=5032, stack(0x00000000307d0000,0x0000000030850000)]
  0x000000000e596000 JavaThread "FelixPackageAdmin" daemon [_thread_blocked, id=5512, stack(0x0000000038f60000,0x0000000038fe0000)]
  0x000000000e595800 JavaThread "FelixStartLevel" daemon [_thread_blocked, id=2944, stack(0x0000000039010000,0x0000000039090000)]
  0x000000000e594800 JavaThread "FelixDispatchQueue" daemon [_thread_blocked, id=5508, stack(0x0000000034110000,0x0000000034190000)]
  0x000000000fd09000 JavaThread "TimerQueue" daemon [_thread_blocked, id=4100, stack(0x0000000030710000,0x0000000030790000)]
  0x000000000fd32800 JavaThread "AWT-EventQueue-0" [_thread_blocked, id=972, stack(0x000000000ff70000,0x000000000fff0000)]
  0x000000000fc58000 JavaThread "AWT-Shutdown" [_thread_blocked, id=5212, stack(0x000000000e870000,0x000000000e8f0000)]
  0x000000000fbb7800 JavaThread "com.google.common.base.internal.Finalizer" daemon [_thread_blocked, id=4740, stack(0x000000002db00000,0x000000002db80000)]
  0x000000000fb91000 JavaThread "AWT-Windows" daemon [_thread_in_native, id=2908, stack(0x00000000298e0000,0x0000000029960000)]
  0x000000000faad800 JavaThread "Java2D Disposer" daemon [_thread_blocked, id=3716, stack(0x000000000fec0000,0x000000000ff40000)]
  0x000000000f3fd000 JavaThread "Timer-0" [_thread_blocked, id=4308, stack(0x000000000e7d0000,0x000000000e850000)]
  0x000000000f3c7800 JavaThread "JMI Unnamed Thread" [_thread_in_native, id=5272, stack(0x0000000006160000,0x0000000007660000)]
  0x000000000e4ee800 JavaThread "Low Memory Detector" daemon [_thread_blocked, id=4248, stack(0x000000000e710000,0x000000000e790000)]
  0x000000000e4ec800 JavaThread "CompilerThread1" daemon [_thread_blocked, id=4496, stack(0x000000002dba0000,0x000000002f0a0000)]
  0x000000000e4e4800 JavaThread "CompilerThread0" daemon [_thread_blocked, id=3212, stack(0x000000002c4f0000,0x000000002d9f0000)]
  0x000000000e4e3800 JavaThread "Attach Listener" daemon [_thread_blocked, id=904, stack(0x000000000e690000,0x000000000e710000)]
  0x000000000e486000 JavaThread "Finalizer" daemon [_thread_blocked, id=3820, stack(0x0000000008e00000,0x0000000008e80000)]
  0x000000000e483000 JavaThread "Reference Handler" daemon [_thread_blocked, id=4512, stack(0x00000000076d0000,0x0000000007750000)]
=>0x000000000201f800 JavaThread "main" [_thread_in_native, id=1400, stack(0x00000000001b0000,0x00000000016b0000)]

Other Threads:
  0x000000000e482800 VMThread [stack: 0x000000002af50000,0x000000002c450000] [id=2712]
  0x000000000e540800 WatcherThread [stack: 0x000000002f200000,0x0000000030700000] [id=5412]

VM state:not at safepoint (normal execution)

VM Mutex/Monitor currently owned by a thread: None

Heap
 PSYoungGen      total 14464K, used 13791K [0x0000000025250000, 0x0000000026250000, 0x0000000028350000)
  eden space 12672K, 98% used [0x0000000025250000,0x0000000025e7a7a8,0x0000000025eb0000)
  from space 1792K, 74% used [0x0000000026090000,0x00000000261dd6d8,0x0000000026250000)
  to   space 1856K, 0% used [0x0000000025eb0000,0x0000000025eb0000,0x0000000026080000)
 PSOldGen        total 68992K, used 64190K [0x000000001bf50000, 0x00000000202b0000, 0x0000000025250000)
  object space 68992K, 93% used [0x000000001bf50000,0x000000001fdff928,0x00000000202b0000)
 PSPermGen       total 118656K, used 59713K [0x0000000013f50000, 0x000000001b330000, 0x000000001bf50000)
  object space 118656K, 50% used [0x0000000013f50000,0x00000000179a0680,0x000000001b330000)

Dynamic libraries:
0x000000013f370000 - 0x000000013f399000 	C:\Program Files\MATLAB\R2011a\bin\win64\MATLAB.exe
0x0000000077510000 - 0x00000000776b9000 	C:\Windows\SYSTEM32\ntdll.dll
0x00000000773f0000 - 0x000000007750f000 	C:\Windows\system32\kernel32.dll
0x000007fefc9f0000 - 0x000007fefca5c000 	C:\Windows\system32\KERNELBASE.dll
0x0000000074460000 - 0x0000000074569000 	C:\Program Files\MATLAB\R2011a\bin\win64\libut.dll
0x00000000758a0000 - 0x0000000075920000 	C:\Program Files\MATLAB\R2011a\bin\win64\libmwi18n.dll
0x0000000180000000 - 0x000000018000b000 	C:\Program Files\MATLAB\R2011a\bin\win64\libmwresource_core.dll
0x0000000073790000 - 0x0000000073863000 	C:\Windows\WinSxS\amd64_microsoft.vc90.crt_1fc8b3b9a1e18e3b_9.0.30729.6161_none_08e61857a83bc251\MSVCP90.dll
0x00000000736e0000 - 0x0000000073783000 	C:\Windows\WinSxS\amd64_microsoft.vc90.crt_1fc8b3b9a1e18e3b_9.0.30729.6161_none_08e61857a83bc251\MSVCR90.dll
0x000000007a3b0000 - 0x000000007a3c0000 	C:\Program Files\MATLAB\R2011a\bin\win64\boost_date_time-vc90-mt-1_40.dll
0x000000007a170000 - 0x000000007a189000 	C:\Program Files\MATLAB\R2011a\bin\win64\boost_filesystem-vc90-mt-1_40.dll
0x000000007a560000 - 0x000000007a569000 	C:\Program Files\MATLAB\R2011a\bin\win64\boost_system-vc90-mt-1_40.dll
0x000000007a2d0000 - 0x000000007a2e2000 	C:\Program Files\MATLAB\R2011a\bin\win64\boost_thread-vc90-mt-1_40.dll
0x000000007a010000 - 0x000000007a035000 	C:\Program Files\MATLAB\R2011a\bin\win64\LIBEXPAT.dll
0x00000000739d0000 - 0x0000000073b8c000 	C:\Program Files\MATLAB\R2011a\bin\win64\icuin42.dll
0x00000000740b0000 - 0x0000000074223000 	C:\Program Files\MATLAB\R2011a\bin\win64\icuuc42.dll
0x000007fefcd10000 - 0x000007fefcdeb000 	C:\Windows\system32\ADVAPI32.dll
0x000007fefec60000 - 0x000007fefecff000 	C:\Windows\system32\msvcrt.dll
0x000007fefea10000 - 0x000007fefea2f000 	C:\Windows\SYSTEM32\sechost.dll
0x000007fefe890000 - 0x000007fefe9bd000 	C:\Windows\system32\RPCRT4.dll
0x0000000010000000 - 0x0000000010f47000 	C:\Program Files\MATLAB\R2011a\bin\win64\icudt42.dll
0x0000000073f70000 - 0x000000007407d000 	C:\Program Files\MATLAB\R2011a\bin\win64\libmwfl.dll
0x0000000001770000 - 0x0000000001803000 	C:\Program Files\MATLAB\R2011a\bin\win64\libmwMATLAB_res.dll
0x000000007a250000 - 0x000000007a263000 	C:\Program Files\MATLAB\R2011a\bin\win64\boost_signals-vc90-mt-1_40.dll
0x0000000001830000 - 0x0000000001876000 	C:\Program Files\MATLAB\R2011a\bin\win64\tbb.dll
0x000007fefe9f0000 - 0x000007fefea07000 	C:\Windows\system32\imagehlp.dll
0x00000000776e0000 - 0x00000000776e7000 	C:\Windows\system32\PSAPI.DLL
0x000000007a3d0000 - 0x000000007a3e3000 	C:\Program Files\MATLAB\R2011a\bin\win64\icuio42.dll
0x000007fef1750000 - 0x000007fef1875000 	C:\Windows\system32\dbghelp.dll
0x00000000772f0000 - 0x00000000773ea000 	C:\Windows\system32\USER32.dll
0x000007fefcdf0000 - 0x000007fefce57000 	C:\Windows\system32\GDI32.dll
0x000007fefe720000 - 0x000007fefe72e000 	C:\Windows\system32\LPK.dll
0x000007fefdc40000 - 0x000007fefdd09000 	C:\Windows\system32\USP10.dll
0x000000007bed0000 - 0x000000007c0f5000 	C:\Program Files\MATLAB\R2011a\bin\win64\libmwservices.dll
0x0000000075a20000 - 0x0000000075ab2000 	C:\Program Files\MATLAB\R2011a\bin\win64\libmx.dll
0x000000007a210000 - 0x000000007a226000 	C:\Program Files\MATLAB\R2011a\bin\win64\zlib1.dll
0x0000000074330000 - 0x000000007444b000 	C:\Program Files\MATLAB\R2011a\bin\win64\libmwmathutil.dll
0x000000006e930000 - 0x000000006e984000 	C:\Program Files\MATLAB\R2011a\bin\win64\mpath.dll
0x000000007b680000 - 0x000000007b982000 	C:\Program Files\MATLAB\R2011a\bin\win64\mlutil.dll
0x000000006e170000 - 0x000000006e1f2000 	C:\Program Files\MATLAB\R2011a\bin\win64\xmlcore.dll
0x000000007bc30000 - 0x000000007be83000 	C:\Program Files\MATLAB\R2011a\bin\win64\xerces-c_2_7.dll
0x000007fefce60000 - 0x000007fefcead000 	C:\Windows\system32\WS2_32.dll
0x000007fefe060000 - 0x000007fefe068000 	C:\Windows\system32\NSI.dll
0x000007fefceb0000 - 0x000007fefdc38000 	C:\Windows\system32\SHELL32.dll
0x000007fefe810000 - 0x000007fefe881000 	C:\Windows\system32\SHLWAPI.dll
0x000007fef6600000 - 0x000007fef66a0000 	C:\Windows\WinSxS\amd64_microsoft.windows.common-controls_6595b64144ccf1df_5.82.7601.17514_none_a4d6a923711520a9\COMCTL32.dll
0x000007fefdd10000 - 0x000007fefdda7000 	C:\Windows\system32\COMDLG32.dll
0x000007fefa690000 - 0x000007fefa6a6000 	C:\Windows\system32\NETAPI32.dll
0x000007fefa680000 - 0x000007fefa68c000 	C:\Windows\system32\netutils.dll
0x000007fefc360000 - 0x000007fefc383000 	C:\Windows\system32\srvcli.dll
0x000007fefa660000 - 0x000007fefa675000 	C:\Windows\system32\wkscli.dll
0x000007fefe250000 - 0x000007fefe453000 	C:\Windows\system32\ole32.dll
0x000007fefe730000 - 0x000007fefe807000 	C:\Windows\system32\OLEAUT32.dll
0x0000000074970000 - 0x0000000074a34000 	C:\Program Files\MATLAB\R2011a\bin\win64\mcr.dll
0x0000000075000000 - 0x00000000750e4000 	C:\Program Files\MATLAB\R2011a\bin\win64\iqm.dll
0x000000006bfa0000 - 0x000000006c73c000 	C:\Program Files\MATLAB\R2011a\bin\win64\m_interpreter.dll
0x00000000745a0000 - 0x00000000745af000 	C:\Program Files\MATLAB\R2011a\bin\win64\libmex.dll
0x000000006e2a0000 - 0x000000006e344000 	C:\Program Files\MATLAB\R2011a\bin\win64\m_dispatcher.dll
0x0000000074880000 - 0x0000000074945000 	C:\Program Files\MATLAB\R2011a\bin\win64\boost_regex-vc90-mt-1_40.dll
0x000000006e220000 - 0x000000006e29f000 	C:\Program Files\MATLAB\R2011a\bin\win64\profiler.dll
0x0000000079f40000 - 0x0000000079f6c000 	C:\Program Files\MATLAB\R2011a\bin\win64\libmwmathrng.dll
0x0000000001990000 - 0x00000000019b0000 	C:\Program Files\MATLAB\R2011a\bin\win64\m_pcodeio.dll
0x0000000079b10000 - 0x0000000079b71000 	C:\Program Files\MATLAB\R2011a\bin\win64\m_ir.dll
0x000000006d420000 - 0x000000006da5b000 	C:\Program Files\MATLAB\R2011a\bin\win64\m_parser.dll
0x00000000019e0000 - 0x00000000019f9000 	C:\Program Files\MATLAB\R2011a\bin\win64\ir_xfmr.dll
0x000000006bd50000 - 0x000000006bf9b000 	C:\Program Files\MATLAB\R2011a\bin\win64\mcos.dll
0x0000000074cf0000 - 0x0000000074cfc000 	C:\Program Files\MATLAB\R2011a\bin\win64\mtok.dll
0x000000006eff0000 - 0x000000006f01b000 	C:\Program Files\MATLAB\R2011a\bin\win64\m_pcodegen.dll
0x0000000076160000 - 0x00000000761c2000 	C:\Program Files\MATLAB\R2011a\bin\win64\libmwspmatrix.dll
0x0000000079fb0000 - 0x0000000079fde000 	C:\Program Files\MATLAB\R2011a\bin\win64\libmwbridge.dll
0x000000006e0b0000 - 0x000000006e169000 	C:\Program Files\MATLAB\R2011a\bin\win64\udd.dll
0x000000006bc00000 - 0x000000006bd41000 	C:\Program Files\MATLAB\R2011a\bin\win64\libmwgui.dll
0x0000000001a80000 - 0x0000000001a97000 	C:\Program Files\MATLAB\R2011a\bin\win64\graphics_util.dll
0x000000006b380000 - 0x000000006bc00000 	C:\Program Files\MATLAB\R2011a\bin\win64\hg.dll
0x0000000076100000 - 0x000000007614f000 	C:\Program Files\MATLAB\R2011a\bin\win64\libmat.dll
0x0000000072d30000 - 0x0000000072f33000 	C:\Program Files\MATLAB\R2011a\bin\win64\libhdf5.dll
0x000000006e030000 - 0x000000006e0ab000 	C:\Program Files\MATLAB\R2011a\bin\win64\jmi.dll
0x0000000001af0000 - 0x0000000001afe000 	C:\Program Files\MATLAB\R2011a\bin\win64\nativejava_services.dll
0x000000006e8f0000 - 0x000000006e92c000 	C:\Program Files\MATLAB\R2011a\bin\win64\libmwhardcopy.dll
0x000000006b320000 - 0x000000006b378000 	C:\Program Files\MATLAB\R2011a\bin\win64\libuij.dll
0x000000006b130000 - 0x000000006b313000 	C:\Program Files\MATLAB\R2011a\bin\win64\hgdatatypes.dll
0x000000006b070000 - 0x000000006b12c000 	C:\Program Files\MATLAB\R2011a\bin\win64\hgutils.dll
0x000000006aff0000 - 0x000000006b06c000 	C:\Program Files\MATLAB\R2011a\bin\win64\libmwlapack.dll
0x0000000001b60000 - 0x0000000001b72000 	C:\Program Files\MATLAB\R2011a\bin\win64\libmwbinder.dll
0x0000000074590000 - 0x000000007459b000 	C:\Program Files\MATLAB\R2011a\bin\win64\libmwompwrapper.dll
0x0000000001ba0000 - 0x0000000001e64000 	C:\Program Files\MATLAB\R2011a\bin\win64\uiw.dll
0x0000000074570000 - 0x000000007457a000 	C:\Program Files\MATLAB\R2011a\bin\win64\uinone.dll
0x000000006ab00000 - 0x000000006afe4000 	C:\Windows\WinSxS\amd64_microsoft.vc90.mfc_1fc8b3b9a1e18e3b_9.0.30729.6161_none_044aad0bab1eb146\mfc90.dll
0x000007fef0020000 - 0x000007fef0027000 	C:\Windows\system32\MSIMG32.dll
0x000007fef2a90000 - 0x000007fef2b01000 	C:\Windows\system32\WINSPOOL.DRV
0x000000006aa50000 - 0x000000006aaf9000 	C:\Program Files\MATLAB\R2011a\bin\win64\udd_mi.dll
0x000000006e200000 - 0x000000006e21b000 	C:\Program Files\MATLAB\R2011a\bin\win64\mwoles05.DLL
0x000000006a9e0000 - 0x000000006aa4e000 	C:\Program Files\MATLAB\R2011a\bin\win64\comcli.dll
0x000000006df40000 - 0x000000006df6f000 	C:\Windows\WinSxS\amd64_microsoft.vc90.atl_1fc8b3b9a1e18e3b_9.0.30729.6161_none_0a1fd3a3a768b895\ATL90.DLL
0x000000006fec0000 - 0x000000006fecc000 	C:\Program Files\MATLAB\R2011a\bin\win64\mlautoregister.dll
0x0000000001ed0000 - 0x0000000001edd000 	C:\Program Files\MATLAB\R2011a\bin\win64\boost_iostreams-vc90-mt-1_40.dll
0x000007fefe9c0000 - 0x000007fefe9ee000 	C:\Windows\system32\IMM32.DLL
0x000007fefeb50000 - 0x000007fefec59000 	C:\Windows\system32\MSCTF.dll
0x000007fefb160000 - 0x000007fefb1b6000 	C:\Windows\system32\UxTheme.dll
0x000007fefac30000 - 0x000007fefac48000 	C:\Windows\system32\dwmapi.dll
0x00000000751d0000 - 0x00000000751dd000 	C:\Windows\WinSxS\amd64_microsoft.vc90.mfcloc_1fc8b3b9a1e18e3b_9.0.30729.6161_none_01c9581e60cbee58\MFC90ENU.DLL
0x0000000002220000 - 0x0000000002249000 	C:\Program Files\MATLAB\R2011a\bin\win64\tbbmalloc.dll
0x000007fefc940000 - 0x000007fefc94f000 	C:\Windows\system32\profapi.dll
0x000007fef9dd0000 - 0x000007fef9df7000 	C:\Windows\system32\iphlpapi.dll
0x000007fef9dc0000 - 0x000007fef9dcb000 	C:\Windows\system32\WINNSI.DLL
0x000007fefc030000 - 0x000007fefc08b000 	C:\Windows\system32\DNSAPI.dll
0x000007fef9b90000 - 0x000007fef9ba8000 	C:\Windows\system32\dhcpcsvc.DLL
0x000007fef9b70000 - 0x000007fef9b81000 	C:\Windows\system32\dhcpcsvc6.DLL
0x00000000751c0000 - 0x00000000751c3000 	C:\Windows\system32\icmp.Dll
0x000007fefc870000 - 0x000007fefc87f000 	C:\Windows\system32\CRYPTBASE.dll
0x000007fefcc30000 - 0x000007fefcc66000 	C:\Windows\system32\CFGMGR32.dll
0x0000000078870000 - 0x0000000078ecd000 	C:\Program Files\MATLAB\R2011a\sys\java\jre\win64\jre\bin\server\jvm.dll
0x000007fefa810000 - 0x000007fefa84b000 	C:\Windows\system32\WINMM.dll
0x000000007a440000 - 0x000000007a44e000 	C:\Program Files\MATLAB\R2011a\sys\java\jre\win64\jre\bin\verify.dll
0x000000007a070000 - 0x000000007a097000 	C:\Program Files\MATLAB\R2011a\sys\java\jre\win64\jre\bin\java.dll
0x000000007a540000 - 0x000000007a54a000 	C:\Program Files\MATLAB\R2011a\sys\java\jre\win64\jre\bin\hpi.dll
0x000000007a370000 - 0x000000007a382000 	C:\Program Files\MATLAB\R2011a\sys\java\jre\win64\jre\bin\zip.dll
0x0000000075b90000 - 0x0000000075bfb000 	C:\Program Files\MATLAB\R2011a\sys\java\jre\win64\jre\bin\fontmanager.dll
0x0000000073150000 - 0x0000000073311000 	C:\Program Files\MATLAB\R2011a\sys\java\jre\win64\jre\bin\awt.dll
0x0000000079cf0000 - 0x0000000079d36000 	C:\Program Files\MATLAB\R2011a\bin\win64\nativejmi.dll
0x000000007a600000 - 0x000000007a608000 	C:\Program Files\MATLAB\R2011a\bin\win64\nativeservices.dll
0x000000007a0d0000 - 0x000000007a0e8000 	C:\Program Files\MATLAB\R2011a\bin\win64\nativejava.dll
0x000007fef1e00000 - 0x000007fef1e18000 	C:\Windows\system32\MPR.dll
0x000000007a230000 - 0x000000007a247000 	C:\Program Files\MATLAB\R2011a\sys\java\jre\win64\jre\bin\net.dll
0x000007fefc1b0000 - 0x000007fefc205000 	C:\Windows\system32\mswsock.dll
0x000007fefc1a0000 - 0x000007fefc1a7000 	C:\Windows\System32\wship6.dll
0x000000007a500000 - 0x000000007a50b000 	C:\Program Files\MATLAB\R2011a\sys\java\jre\win64\jre\bin\nio.dll
0x000000007a530000 - 0x000000007a53a000 	C:\Program Files\MATLAB\R2011a\bin\win64\nativelmgr.dll

VM Arguments:
jvm_args: -Xss512k -XX:PermSize=32m -Xms64m -XX:NewRatio=3 -XX:MaxPermSize=128m -Xmx196m -XX:MaxDirectMemorySize=2147400000 -Dsun.java2d.noddraw=true -Dsun.awt.nopixfmt=true -Xshare:off -Xrs -Dsun.awt.disableMixing=true -Djava.library.path=C:\Program Files\MATLAB\R2011a\bin\win64 vfprintf abort 
java_command: <unknown>
Launcher Type: generic

Environment Variables:
PATH=C:\Program Files\Common Files\Microsoft Shared\Windows Live;C:\Program Files (x86)\Common Files\Microsoft Shared\Windows Live;C:\Microchip\C18\mpasm;C:\Microchip\C18\bin;C:\Microchip\C30\bin;C:\Windows\system32;C:\Windows;C:\Windows\System32\Wbem;C:\Windows\System32\WindowsPowerShell\v1.0\;c:\Program Files (x86)\Microsoft SQL Server\100\Tools\Binn\;c:\Program Files (x86)\Microsoft SQL Server\100\DTS\Binn\;C:\Microchip\MPLab\MPLAB C32 Suite\bin;C:\Program Files\MATLAB\R2011a\runtime\win64;C:\Program Files\MATLAB\R2011a\bin;C:\Program Files (x86)\Windows Live\Shared;C:\Program Files (x86)\Agilent\IO Libraries Suite\bin;C:\Program Files\Agilent\IO Libraries Suite\bin;C:\Program Files (x86)\IVI Foundation\VISA\WinNT\agvisa;C:\Program Files\IVI Foundation\VISA\Win64\agvisa;C:\Program Files (x86)\IVI Foundation\IVI\bin;C:\Program Files\IVI Foundation\IVI\bin;C:\Program Files\IVI Foundation\VISA\Win64\Bin\;C:\Program Files (x86)\IVI Foundation\VISA\WinNT\Bin\;C:\Microchip\C18\mpasm;C:\Microchip\C18\bin;c:\altera\11.1\modelsim_ase\win32aloem;C:\Program Files (x86)\SSH Communications Security\SSH Secure Shell
USERNAME=Cameron
OS=Windows_NT
PROCESSOR_IDENTIFIER=AMD64 Family 17 Model 3 Stepping 1, AuthenticAMD



---------------  S Y S T E M  ---------------

OS: Windows 7 Build 7601 Service Pack 1

CPU:total 2 (2 cores per cpu, 1 threads per core) family 17 model 3 stepping 1, cmov, cx8, fxsr, mmx, sse, sse2, sse3, mmxext, 3dnow, 3dnowext

Memory: 4k page, physical 4192084k(1210888k free), swap 8382320k(5242992k free)

vm_info: Java HotSpot(TM) 64-Bit Server VM (14.3-b01) for windows-amd64 JRE (1.6.0_17-b04), built on Oct 11 2009 00:46:08 by "java_re" with MS VC++ 8.0

time: Thu Mar 01 14:54:16 2012
elapsed time: 9244 seconds

